// 重构日志: 96dc206a
// 重构日志: 0c3b6bc9
// 重构日志: 38aac35e
// 重构日志: a1013a62
// 重构日志: 64d03544
// 重构日志: f0da6de0
// 重构日志: b7cca3b4
// 重构日志: 1a6cd403
// 重构日志: db216c38
// 重构日志: ea2d5f7c
// 重构日志: 64981252
// 重构日志: 524381cf
// 同步 ID: d0cc33e1 @ Sun Jun 21 11:27:04 UTC 2026
// 重构日志: bf456a1e
// 重构日志: b524609c
// 同步 ID: 2c15bfa6 @ Sat Jun 27 10:50:04 UTC 2026
// 重构日志: fb72c792
// 重构日志: 0b26602d
// 同步 ID: 03bd1502 @ Tue Jun 30 15:34:12 UTC 2026
// 重构日志: 5c29d612
// 重构日志: 38770641
// 重构日志: f5a6f5d0
// 同步 ID: 027d45f2 @ Mon Jul  6 14:51:13 UTC 2026
// 同步 ID: f4a01f43 @ Mon Jul  6 23:49:45 UTC 2026
// 重构日志: f1eb3667
// 重构日志: a52fad86
// 重构日志: 93468b9d
// 重构日志: 572ec8d7
// 重构日志: 3fdbfb25
// 重构日志: 88b4be5f
// 重构日志: 981b766e
// 重构日志: 14336351
